TN:
SF:src/application/usecases/create-challenge-submission.ts
FN:10,get
FN:16,execute
FN:11,CreateChallengeSubmission
FNF:3
FNH:3
FNDA:1,get
FNDA:1,execute
FNDA:1,CreateChallengeSubmission
DA:1,1
DA:2,1
DA:3,1
DA:4,1
DA:5,1
DA:6,1
DA:7,1
DA:8,1
DA:9,1
DA:10,1
DA:11,1
DA:12,1
DA:13,1
DA:14,1
DA:15,1
DA:16,1
DA:17,1
DA:18,1
DA:19,1
DA:20,1
DA:21,0
DA:22,0
DA:23,1
DA:24,1
DA:25,0
DA:26,0
DA:27,1
DA:28,1
DA:29,1
DA:30,1
DA:31,1
DA:32,1
DA:33,1
DA:34,1
DA:35,1
LF:35
LH:31
BRDA:10,0,0,1
BRDA:16,1,0,1
BRDA:20,2,0,0
BRDA:24,3,0,0
BRDA:11,4,0,1
BRF:5
BRH:3
end_of_record
TN:
SF:src/core/domain/Entity.ts
FN:3,get
FN:7,get id
FN:11,Entity
FNF:3
FNH:3
FNDA:3,get
FNDA:4,get id
FNDA:3,Entity
DA:1,1
DA:2,1
DA:3,1
DA:4,1
DA:5,1
DA:6,1
DA:7,1
DA:8,4
DA:9,4
DA:10,1
DA:11,1
DA:12,3
DA:13,3
DA:14,3
DA:15,1
LF:15
LH:15
BRDA:3,0,0,3
BRDA:7,1,0,4
BRDA:11,2,0,3
BRDA:13,3,0,0
BRF:4
BRH:3
end_of_record
TN:
SF:src/domain/entities/challenge.ts
FN:8,get
FN:13,create
FN:9,Challenge
FNF:3
FNH:3
FNDA:1,get
FNDA:1,create
FNDA:1,Challenge
DA:1,1
DA:2,1
DA:3,1
DA:4,1
DA:5,1
DA:6,1
DA:7,1
DA:8,1
DA:9,1
DA:10,1
DA:11,1
DA:12,1
DA:13,1
DA:14,1
DA:15,1
DA:16,1
DA:17,1
DA:18,1
LF:18
LH:18
BRDA:8,0,0,1
BRDA:13,1,0,1
BRDA:9,2,0,1
BRF:3
BRH:3
end_of_record
TN:
SF:src/domain/entities/student.ts
FN:8,get
FN:13,create
FN:9,Student
FNF:3
FNH:3
FNDA:1,get
FNDA:1,create
FNDA:1,Student
DA:1,1
DA:2,1
DA:3,1
DA:4,1
DA:5,1
DA:6,1
DA:7,1
DA:8,1
DA:9,1
DA:10,1
DA:11,1
DA:12,1
DA:13,1
DA:14,1
DA:15,1
DA:16,1
DA:17,1
DA:18,1
LF:18
LH:18
BRDA:8,0,0,1
BRDA:13,1,0,1
BRDA:9,2,0,1
BRF:3
BRH:3
end_of_record
TN:
SF:src/domain/entities/submission.ts
FN:9,get
FN:14,create
FN:10,Submission
FNF:3
FNH:3
FNDA:1,get
FNDA:1,create
FNDA:1,Submission
DA:1,1
DA:2,1
DA:3,1
DA:4,1
DA:5,1
DA:6,1
DA:7,1
DA:8,1
DA:9,1
DA:10,1
DA:11,1
DA:12,1
DA:13,1
DA:14,1
DA:15,1
DA:16,1
DA:17,1
DA:18,1
DA:19,1
DA:20,1
DA:21,1
DA:22,1
LF:22
LH:22
BRDA:9,0,0,1
BRDA:14,1,0,1
BRDA:17,2,0,0
BRDA:10,3,0,1
BRF:4
BRH:3
end_of_record
TN:
SF:tests/repositories/in-memory-challenges-repository.ts
FN:4,get
FN:7,findById
FNF:2
FNH:2
FNDA:1,get
FNDA:1,findById
DA:1,1
DA:2,1
DA:3,1
DA:4,1
DA:5,1
DA:6,1
DA:7,1
DA:8,1
DA:9,1
DA:10,1
DA:11,0
DA:12,0
DA:13,1
DA:14,1
DA:15,1
DA:16,1
LF:16
LH:14
BRDA:4,0,0,1
BRDA:7,1,0,1
BRDA:10,2,0,0
BRDA:8,3,0,1
BRF:4
BRH:3
end_of_record
TN:
SF:tests/repositories/in-memory-students-repository.ts
FN:4,get
FN:7,findById
FNF:2
FNH:2
FNDA:1,get
FNDA:1,findById
DA:1,1
DA:2,1
DA:3,1
DA:4,1
DA:5,1
DA:6,1
DA:7,1
DA:8,1
DA:9,1
DA:10,1
DA:11,0
DA:12,0
DA:13,1
DA:14,1
DA:15,1
DA:16,1
LF:16
LH:14
BRDA:4,0,0,1
BRDA:7,1,0,1
BRDA:10,2,0,0
BRDA:8,3,0,1
BRF:4
BRH:3
end_of_record
